TN:
SF:components/ThemedButton.tsx
FN:8,(anonymous_0)
FN:10,(anonymous_1)
FNF:2
FNH:0
FNDA:0,(anonymous_0)
FNDA:0,(anonymous_1)
DA:8,1
DA:9,0
DA:10,0
DA:17,1
LF:4
LH:2
BRDA:10,0,0,0
BRDA:10,0,1,0
BRDA:12,1,0,0
BRDA:12,1,1,0
BRF:4
BRH:0
end_of_record
TN:
SF:components/ThemedText.tsx
FN:8,(anonymous_0)
FNF:1
FNH:1
FNDA:3,(anonymous_0)
DA:8,1
DA:9,3
DA:10,3
DA:12,3
LF:4
LH:4
BRDA:10,0,0,3
BRDA:10,0,1,0
BRF:2
BRH:1
end_of_record
TN:
SF:components/ThemedTextInput.tsx
FN:8,(anonymous_0)
FNF:1
FNH:0
FNDA:0,(anonymous_0)
DA:8,1
DA:9,0
DA:10,0
DA:12,0
LF:4
LH:1
BRDA:10,0,0,0
BRDA:10,0,1,0
BRF:2
BRH:0
end_of_record
TN:
SF:components/ThemedView.tsx
FN:11,(anonymous_0)
FNF:1
FNH:1
FNDA:4,(anonymous_0)
DA:11,1
DA:12,4
DA:13,4
DA:15,4
DA:16,3
DA:28,1
DA:30,1
LF:7
LH:7
BRDA:11,0,0,3
BRDA:13,1,0,4
BRDA:13,1,1,0
BRDA:15,2,0,3
BRDA:15,2,1,1
BRF:5
BRH:4
end_of_record
TN:
SF:components/forms/AddShoppingItemForm.tsx
FN:14,(anonymous_0)
FN:25,(anonymous_1)
FNF:2
FNH:0
FNDA:0,(anonymous_0)
FNDA:0,(anonymous_1)
DA:14,1
DA:20,0
DA:21,0
DA:22,0
DA:23,0
DA:25,0
DA:26,0
DA:27,0
DA:28,0
DA:31,0
DA:33,0
DA:36,0
DA:38,0
DA:43,0
DA:44,0
DA:46,0
DA:47,0
DA:51,0
LF:18
LH:1
BRDA:21,0,0,0
BRDA:21,0,1,0
BRDA:26,1,0,0
BRDA:26,1,1,0
BRDA:36,2,0,0
BRDA:36,2,1,0
BRF:6
BRH:0
end_of_record
TN:
SF:components/views/ShopListView.tsx
FN:29,(anonymous_0)
FN:39,(anonymous_1)
FN:41,(anonymous_2)
FN:42,(anonymous_3)
FN:49,(anonymous_4)
FN:60,(anonymous_5)
FN:71,(anonymous_6)
FN:73,(anonymous_7)
FN:74,(anonymous_8)
FN:94,(anonymous_9)
FN:96,(anonymous_10)
FN:99,(anonymous_11)
FN:106,(anonymous_12)
FN:116,(anonymous_13)
FN:141,(anonymous_14)
FN:143,(anonymous_15)
FN:146,(anonymous_16)
FNF:17
FNH:9
FNDA:3,(anonymous_0)
FNDA:3,(anonymous_1)
FNDA:0,(anonymous_2)
FNDA:0,(anonymous_3)
FNDA:1,(anonymous_4)
FNDA:0,(anonymous_5)
FNDA:1,(anonymous_6)
FNDA:1,(anonymous_7)
FNDA:2,(anonymous_8)
FNDA:4,(anonymous_9)
FNDA:0,(anonymous_10)
FNDA:0,(anonymous_11)
FNDA:4,(anonymous_12)
FNDA:1,(anonymous_13)
FNDA:0,(anonymous_14)
FNDA:0,(anonymous_15)
FNDA:0,(anonymous_16)
DA:29,1
DA:30,3
DA:31,3
DA:33,3
DA:34,3
DA:36,3
DA:37,3
DA:39,3
DA:40,3
DA:42,0
DA:49,3
DA:50,1
DA:51,1
DA:54,1
DA:56,0
DA:60,3
DA:61,0
DA:62,0
DA:65,0
DA:67,0
DA:71,3
DA:72,1
DA:73,1
DA:74,1
DA:75,2
DA:76,1
DA:78,1
DA:79,1
DA:81,1
DA:85,0
DA:89,3
DA:94,4
DA:97,0
DA:99,0
DA:100,0
DA:107,4
DA:116,1
DA:141,0
DA:143,0
DA:147,0
DA:148,0
DA:158,1
LF:42
LH:28
BRDA:31,0,0,3
BRDA:31,0,1,0
BRDA:75,1,0,1
BRDA:75,1,1,1
BRDA:118,2,0,1
BRDA:118,2,1,3
BRDA:120,3,0,1
BRDA:120,3,1,3
BRDA:128,4,0,4
BRDA:128,4,1,0
BRF:10
BRH:8
end_of_record
TN:
SF:constants/Globals.ts
FNF:0
FNH:0
DA:1,3
LF:1
LH:1
BRF:0
BRH:0
end_of_record
